Open5GS daemon v2.7.2

03/01 12:09:14.434: [app] INFO: Configuration: '/etc/open5gs/custom/smf2.yaml' (../lib/app/ogs-init.c:133)
03/01 12:09:14.436: [app] INFO: File Logging: '/var/log/open5gs/smf2.log' (../lib/app/ogs-init.c:136)
03/01 12:09:14.906: [pfcp] WARNING: unknown key `ambr` (../lib/pfcp/context.c:827)
03/01 12:09:14.911: [sbi] INFO: NF EndPoint(fqdn) setup [nrf.open5gs.org:80] (../lib/sbi/context.c:426)
03/01 12:09:14.918: [metrics] INFO: metrics_server() [http://smf2.open5gs.org]:9090 (../lib/metrics/prometheus/context.c:296)
03/01 12:09:14.920: [smf] WARNING: No diameter configuration (../src/smf/fd-path.c:30)
03/01 12:09:14.924: [smf] WARNING: No GTP-C configuration (../src/smf/gtp-path.c:256)
03/01 12:09:14.925: [gtp] INFO: gtp_server() [10.33.33.19]:2152 (../lib/gtp/path.c:30)
03/01 12:09:14.926: [pfcp] INFO: pfcp_server() [10.33.33.19]:8805 (../lib/pfcp/path.c:30)
03/01 12:09:14.926: [pfcp] INFO: ogs_pfcp_connect() [10.33.33.5]:8805 (../lib/pfcp/path.c:61)
03/01 12:09:14.928: [sbi] INFO: NF Service [nsmf-pdusession] (../lib/sbi/context.c:1829)
03/01 12:09:14.933: [sbi] INFO: nghttp2_server() [http://smf2.open5gs.org]:80 (../lib/sbi/nghttp2-server.c:419)
03/01 12:09:14.941: [app] INFO: SMF initialize...done (../src/smf/app.c:31)
03/01 12:09:14.944: [smf] INFO: PFCP associated [10.33.33.5]:8805 (../src/smf/pfcp-sm.c:203)
03/01 12:09:14.950: [sbi] INFO: [fe3dc6d4-f695-41ef-91d5-7f31a8b62e5f] NF registered [Heartbeat:10s] (../lib/sbi/nf-sm.c:208)
03/01 12:09:14.973: [sbi] INFO: NF EndPoint(fqdn) setup [nrf.open5gs.org:0] (../lib/sbi/nnrf-handler.c:949)
03/01 12:09:14.974: [sbi] INFO: [fe583654-f695-41ef-93c7-ff326a5692dc] Subscription created until 2025-03-02T12:09:14.954314+00:00 [duration:86400000000,validity:86400.000000,patch:43200.000000] (../lib/sbi/nnrf-handler.c:868)
03/01 12:09:14.979: [sbi] INFO: NF EndPoint(fqdn) setup [nrf.open5gs.org:0] (../lib/sbi/nnrf-handler.c:949)
03/01 12:09:14.980: [sbi] INFO: [fe58a382-f695-41ef-93c7-ff326a5692dc] Subscription created until 2025-03-02T12:09:14.957209+00:00 [duration:86400000000,validity:86400.000000,patch:43200.000000] (../lib/sbi/nnrf-handler.c:868)
03/01 12:09:14.982: [sbi] INFO: NF EndPoint(fqdn) setup [nrf.open5gs.org:0] (../lib/sbi/nnrf-handler.c:949)
03/01 12:09:14.982: [sbi] INFO: [fe598176-f695-41ef-93c7-ff326a5692dc] Subscription created until 2025-03-02T12:09:14.963791+00:00 [duration:86400000000,validity:86400.000000,patch:43200.000000] (../lib/sbi/nnrf-handler.c:868)
03/01 12:09:14.986: [sbi] INFO: NF EndPoint(fqdn) setup [nrf.open5gs.org:0] (../lib/sbi/nnrf-handler.c:949)
03/01 12:09:14.990: [sbi] INFO: [fe5a24be-f695-41ef-93c7-ff326a5692dc] Subscription created until 2025-03-02T12:09:14.968446+00:00 [duration:86400000000,validity:86400.000000,patch:43200.000000] (../lib/sbi/nnrf-handler.c:868)
03/01 12:09:14.992: [sbi] INFO: NF EndPoint(fqdn) setup [nrf.open5gs.org:0] (../lib/sbi/nnrf-handler.c:949)
03/01 12:09:14.995: [sbi] INFO: [fe5ac8b0-f695-41ef-93c7-ff326a5692dc] Subscription created until 2025-03-02T12:09:14.970213+00:00 [duration:86400000000,validity:86400.000000,patch:43200.000000] (../lib/sbi/nnrf-handler.c:868)
03/01 12:09:20.720: [sbi] INFO: [01b78f48-f696-41ef-8f57-879f52534d3b] (NRF-notify) NF registered (../lib/sbi/nnrf-handler.c:1133)
03/01 12:09:20.722: [sbi] INFO: [01b78f48-f696-41ef-8f57-879f52534d3b] (NRF-notify) NF Profile updated [type:PCF] (../lib/sbi/nnrf-handler.c:1147)
03/01 12:09:20.726: [sbi] INFO: NF EndPoint(fqdn) setup [pcf.open5gs.org:0] (../lib/sbi/context.c:2195)
03/01 12:09:20.730: [sbi] INFO: NF EndPoint(fqdn) setup [pcf.open5gs.org:0] (../lib/sbi/context.c:1934)
03/01 12:09:41.206: [smf] INFO: [Added] Number of SMF-UEs is now 1 (../src/smf/context.c:1029)
03/01 12:09:41.206: [smf] INFO: [Added] Number of SMF-Sessions is now 1 (../src/smf/context.c:3113)
03/01 12:09:41.207: [smf] INFO: NF EndPoint(fqdn) setup [amf1.open5gs.org:0] (../src/smf/nsmf-handler.c:269)
03/01 12:09:41.213: [sbi] WARNING: Try to discover [nudm-sdm] (../lib/sbi/path.c:548)
03/01 12:09:41.214: [sbi] INFO: [fd819e28-f695-41ef-a8b6-9fb6ba494b6f] (NRF-discover) NF registered [type:NULL] (../lib/sbi/nnrf-handler.c:1245)
03/01 12:09:41.214: [sbi] INFO: NF EndPoint(fqdn) setup [udm.open5gs.org:0] (../lib/sbi/context.c:2195)
03/01 12:09:41.215: [sbi] INFO: NF EndPoint(fqdn) setup [udm.open5gs.org:0] (../lib/sbi/context.c:1934)
03/01 12:09:41.215: [sbi] INFO: [fd819e28-f695-41ef-a8b6-9fb6ba494b6f] (NF-discover) NF Profile updated [type:UDM validity:30s] (../lib/sbi/nnrf-handler.c:1290)
03/01 12:09:41.218: [smf] INFO: [fd819e28-f695-41ef-a8b6-9fb6ba494b6f] NF Instance setup [type:UDM validity:30s] (../src/smf/nnrf-handler.c:65)
03/01 12:09:41.228: [sbi] INFO: [01b78f48-f696-41ef-8f57-879f52534d3b] NF Instance setup [type:PCF validity:0s] (../lib/sbi/path.c:297)
03/01 12:09:41.251: [smf] INFO: NF EndPoint(fqdn) setup [pcf.open5gs.org:0] (../src/smf/npcf-handler.c:367)
03/01 12:09:41.251: [smf] INFO: UE SUPI[imsi-262011234567895] DNN[internet] IPv4[10.46.0.2] IPv6[] (../src/smf/npcf-handler.c:578)
03/01 12:09:41.261: [gtp] INFO: gtp_connect() [10.33.33.5]:2152 (../lib/gtp/path.c:60)
03/01 12:09:41.262: [sbi] WARNING: Try to discover [namf-comm] (../lib/sbi/path.c:548)
03/01 12:09:41.263: [sbi] INFO: [fe14bd3e-f695-41ef-b7e8-15f2cc1886e8] (NRF-discover) NF registered [type:NULL] (../lib/sbi/nnrf-handler.c:1245)
03/01 12:09:41.263: [sbi] INFO: NF EndPoint(fqdn) setup [amf1.open5gs.org:0] (../lib/sbi/context.c:2195)
03/01 12:09:41.263: [sbi] INFO: NF EndPoint(fqdn) setup [amf1.open5gs.org:0] (../lib/sbi/context.c:1934)
03/01 12:09:41.263: [sbi] INFO: [fe14bd3e-f695-41ef-b7e8-15f2cc1886e8] (NF-discover) NF Profile updated [type:AMF validity:30s] (../lib/sbi/nnrf-handler.c:1290)
03/01 12:09:41.264: [smf] INFO: [fe14bd3e-f695-41ef-b7e8-15f2cc1886e8] NF Instance setup [type:AMF validity:30s] (../src/smf/nnrf-handler.c:65)
03/01 12:09:41.300: [sbi] WARNING: Try to discover [nudm-uecm] (../lib/sbi/path.c:548)
03/01 12:09:41.301: [sbi] WARNING: [fd819e28-f695-41ef-a8b6-9fb6ba494b6f] (NRF-discover) NF has already been added [type:UDM] (../lib/sbi/nnrf-handler.c:1249)
03/01 12:09:41.301: [sbi] WARNING: NF EndPoint(fqdn) updated [udm.open5gs.org:0] (../lib/sbi/context.c:2195)
03/01 12:09:41.301: [sbi] INFO: NF EndPoint(fqdn) setup [udm.open5gs.org:0] (../lib/sbi/context.c:2195)
03/01 12:09:41.301: [sbi] WARNING: NF EndPoint(fqdn) updated [udm.open5gs.org:0] (../lib/sbi/context.c:1934)
03/01 12:09:41.302: [sbi] INFO: NF EndPoint(fqdn) setup [udm.open5gs.org:0] (../lib/sbi/context.c:1934)
03/01 12:09:41.302: [sbi] INFO: NF EndPoint(fqdn) setup [udm.open5gs.org:0] (../lib/sbi/context.c:1934)
03/01 12:09:41.302: [sbi] INFO: [fd819e28-f695-41ef-a8b6-9fb6ba494b6f] (NF-discover) NF Profile updated [type:UDM validity:30s] (../lib/sbi/nnrf-handler.c:1290)
03/01 12:09:41.305: [smf] INFO: [fd819e28-f695-41ef-a8b6-9fb6ba494b6f] NF Instance setup [type:UDM validity:30s] (../src/smf/nnrf-handler.c:65)
03/01 12:10:11.269: [sbi] INFO: [fe14bd3e-f695-41ef-b7e8-15f2cc1886e8] NF expired [type:AMF] (../lib/sbi/nf-sm.c:308)
03/01 12:10:11.269: [sbi] INFO: [fe14bd3e-f695-41ef-b7e8-15f2cc1886e8] NF de-registered [type:AMF] (../lib/sbi/nf-sm.c:345)
03/01 12:10:11.304: [sbi] INFO: [fd819e28-f695-41ef-a8b6-9fb6ba494b6f] NF expired [type:UDM] (../lib/sbi/nf-sm.c:308)
03/01 12:10:11.311: [sbi] INFO: [fd819e28-f695-41ef-a8b6-9fb6ba494b6f] NF de-registered [type:UDM] (../lib/sbi/nf-sm.c:345)
03/01 12:12:24.405: [app] INFO: SIGTERM received (../src/main.c:53)
03/01 12:12:24.410: [app] INFO: Open5GS daemon terminating... (../src/main.c:226)
03/01 12:12:24.420: [sbi] INFO: [fe3dc6d4-f695-41ef-91d5-7f31a8b62e5f] NF de-registered (../lib/sbi/nf-sm.c:235)
03/01 12:12:24.438: [smf] INFO: PFCP de-associated [10.33.33.5]:8805 (../src/smf/pfcp-sm.c:218)
03/01 12:12:24.471: [smf] INFO: Removed Session: UE IMSI:[imsi-262011234567895] DNN:[internet:1] IPv4:[10.46.0.2] IPv6:[] (../src/smf/context.c:1689)
03/01 12:12:24.480: [smf] INFO: [Removed] Number of SMF-Sessions is now 0 (../src/smf/context.c:3121)
03/01 12:12:24.523: [smf] INFO: [Removed] Number of SMF-UEs is now 0 (../src/smf/context.c:1090)
03/01 12:12:24.710: [app] INFO: SMF terminate...done (../src/smf/app.c:39)
Open5GS daemon v2.7.2

03/01 12:13:20.455: [app] INFO: Configuration: '/etc/open5gs/custom/smf2.yaml' (../lib/app/ogs-init.c:133)
03/01 12:13:20.455: [app] INFO: File Logging: '/var/log/open5gs/smf2.log' (../lib/app/ogs-init.c:136)
03/01 12:13:20.976: [pfcp] WARNING: unknown key `ambr` (../lib/pfcp/context.c:827)
03/01 12:13:20.987: [sbi] INFO: NF EndPoint(fqdn) setup [nrf.open5gs.org:80] (../lib/sbi/context.c:426)
03/01 12:13:20.988: [metrics] INFO: metrics_server() [http://smf2.open5gs.org]:9090 (../lib/metrics/prometheus/context.c:296)
03/01 12:13:20.988: [smf] WARNING: No diameter configuration (../src/smf/fd-path.c:30)
03/01 12:13:20.989: [smf] WARNING: No GTP-C configuration (../src/smf/gtp-path.c:256)
03/01 12:13:20.989: [gtp] INFO: gtp_server() [10.33.33.18]:2152 (../lib/gtp/path.c:30)
03/01 12:13:20.990: [pfcp] INFO: pfcp_server() [10.33.33.18]:8805 (../lib/pfcp/path.c:30)
03/01 12:13:20.990: [pfcp] INFO: ogs_pfcp_connect() [10.33.33.4]:8805 (../lib/pfcp/path.c:61)
03/01 12:13:20.992: [sbi] INFO: NF Service [nsmf-pdusession] (../lib/sbi/context.c:1829)
03/01 12:13:20.997: [sbi] INFO: nghttp2_server() [http://smf2.open5gs.org]:80 (../lib/sbi/nghttp2-server.c:419)
03/01 12:13:21.011: [app] INFO: SMF initialize...done (../src/smf/app.c:31)
03/01 12:13:21.029: [smf] INFO: PFCP associated [10.33.33.4]:8805 (../src/smf/pfcp-sm.c:203)
03/01 12:13:21.227: [sbi] INFO: [90d6d9d6-f696-41ef-b1e2-bb1f323f72c4] NF registered [Heartbeat:10s] (../lib/sbi/nf-sm.c:208)
03/01 12:13:21.269: [sbi] INFO: NF EndPoint(fqdn) setup [nrf.open5gs.org:0] (../lib/sbi/nnrf-handler.c:949)
03/01 12:13:21.269: [sbi] INFO: [9123032e-f696-41ef-8a5f-3f344f26642b] Subscription created until 2025-03-02T12:13:21.235950+00:00 [duration:86400000000,validity:86400.000000,patch:43200.000000] (../lib/sbi/nnrf-handler.c:868)
03/01 12:13:21.270: [sbi] INFO: NF EndPoint(fqdn) setup [nrf.open5gs.org:0] (../lib/sbi/nnrf-handler.c:949)
03/01 12:13:21.272: [sbi] INFO: [9124dc1c-f696-41ef-8a5f-3f344f26642b] Subscription created until 2025-03-02T12:13:21.242146+00:00 [duration:86400000000,validity:86400.000000,patch:43200.000000] (../lib/sbi/nnrf-handler.c:868)
03/01 12:13:21.294: [sbi] INFO: NF EndPoint(fqdn) setup [nrf.open5gs.org:0] (../lib/sbi/nnrf-handler.c:949)
03/01 12:13:21.305: [sbi] INFO: [91255d4a-f696-41ef-8a5f-3f344f26642b] Subscription created until 2025-03-02T12:13:21.248906+00:00 [duration:86400000000,validity:86400.000000,patch:43200.000000] (../lib/sbi/nnrf-handler.c:868)
03/01 12:13:21.307: [sbi] INFO: NF EndPoint(fqdn) setup [nrf.open5gs.org:0] (../lib/sbi/nnrf-handler.c:949)
03/01 12:13:21.307: [sbi] INFO: [912680b2-f696-41ef-8a5f-3f344f26642b] Subscription created until 2025-03-02T12:13:21.253235+00:00 [duration:86400000000,validity:86400.000000,patch:43200.000000] (../lib/sbi/nnrf-handler.c:868)
03/01 12:13:21.311: [sbi] INFO: NF EndPoint(fqdn) setup [nrf.open5gs.org:0] (../lib/sbi/nnrf-handler.c:949)
03/01 12:13:21.312: [sbi] INFO: [912813c8-f696-41ef-8a5f-3f344f26642b] Subscription created until 2025-03-02T12:13:21.263471+00:00 [duration:86400000000,validity:86400.000000,patch:43200.000000] (../lib/sbi/nnrf-handler.c:868)
03/01 12:13:27.645: [sbi] INFO: [94e77756-f696-41ef-835c-55301b81cbee] (NRF-notify) NF registered (../lib/sbi/nnrf-handler.c:1133)
03/01 12:13:27.649: [sbi] INFO: [94e77756-f696-41ef-835c-55301b81cbee] (NRF-notify) NF Profile updated [type:PCF] (../lib/sbi/nnrf-handler.c:1147)
03/01 12:13:27.651: [sbi] INFO: NF EndPoint(fqdn) setup [pcf.open5gs.org:0] (../lib/sbi/context.c:2195)
03/01 12:13:27.652: [sbi] INFO: NF EndPoint(fqdn) setup [pcf.open5gs.org:0] (../lib/sbi/context.c:1934)
03/01 12:13:28.501: [smf] INFO: [Added] Number of SMF-UEs is now 1 (../src/smf/context.c:1029)
03/01 12:13:28.502: [smf] INFO: [Added] Number of SMF-Sessions is now 1 (../src/smf/context.c:3113)
03/01 12:13:28.503: [smf] INFO: NF EndPoint(fqdn) setup [amf1.open5gs.org:0] (../src/smf/nsmf-handler.c:269)
03/01 12:13:28.504: [sbi] WARNING: Try to discover [nudm-sdm] (../lib/sbi/path.c:548)
03/01 12:13:28.507: [sbi] INFO: [9038400a-f696-41ef-924c-8516ffa4e794] (NRF-discover) NF registered [type:NULL] (../lib/sbi/nnrf-handler.c:1245)
03/01 12:13:28.508: [sbi] INFO: NF EndPoint(fqdn) setup [udm.open5gs.org:0] (../lib/sbi/context.c:2195)
03/01 12:13:28.509: [sbi] INFO: NF EndPoint(fqdn) setup [udm.open5gs.org:0] (../lib/sbi/context.c:1934)
03/01 12:13:28.509: [sbi] INFO: [9038400a-f696-41ef-924c-8516ffa4e794] (NF-discover) NF Profile updated [type:UDM validity:30s] (../lib/sbi/nnrf-handler.c:1290)
03/01 12:13:28.510: [smf] INFO: [9038400a-f696-41ef-924c-8516ffa4e794] NF Instance setup [type:UDM validity:30s] (../src/smf/nnrf-handler.c:65)
03/01 12:13:28.525: [sbi] INFO: [94e77756-f696-41ef-835c-55301b81cbee] NF Instance setup [type:PCF validity:0s] (../lib/sbi/path.c:297)
03/01 12:13:28.542: [smf] INFO: NF EndPoint(fqdn) setup [pcf.open5gs.org:0] (../src/smf/npcf-handler.c:367)
03/01 12:13:28.543: [smf] INFO: UE SUPI[imsi-262011234567895] DNN[internet] IPv4[10.46.0.2] IPv6[] (../src/smf/npcf-handler.c:578)
03/01 12:13:28.548: [gtp] INFO: gtp_connect() [10.33.33.4]:2152 (../lib/gtp/path.c:60)
03/01 12:13:28.554: [sbi] WARNING: Try to discover [namf-comm] (../lib/sbi/path.c:548)
03/01 12:13:28.555: [sbi] INFO: [908e72ea-f696-41ef-9b68-3bddb9e440ac] (NRF-discover) NF registered [type:NULL] (../lib/sbi/nnrf-handler.c:1245)
03/01 12:13:28.555: [sbi] INFO: NF EndPoint(fqdn) setup [amf1.open5gs.org:0] (../lib/sbi/context.c:2195)
03/01 12:13:28.557: [sbi] INFO: NF EndPoint(fqdn) setup [amf1.open5gs.org:0] (../lib/sbi/context.c:1934)
03/01 12:13:28.557: [sbi] INFO: [908e72ea-f696-41ef-9b68-3bddb9e440ac] (NF-discover) NF Profile updated [type:AMF validity:30s] (../lib/sbi/nnrf-handler.c:1290)
03/01 12:13:28.558: [smf] INFO: [908e72ea-f696-41ef-9b68-3bddb9e440ac] NF Instance setup [type:AMF validity:30s] (../src/smf/nnrf-handler.c:65)
03/01 12:13:28.648: [sbi] WARNING: Try to discover [nudm-uecm] (../lib/sbi/path.c:548)
03/01 12:13:28.674: [sbi] WARNING: [9038400a-f696-41ef-924c-8516ffa4e794] (NRF-discover) NF has already been added [type:UDM] (../lib/sbi/nnrf-handler.c:1249)
03/01 12:13:28.689: [sbi] WARNING: NF EndPoint(fqdn) updated [udm.open5gs.org:0] (../lib/sbi/context.c:2195)
03/01 12:13:28.694: [sbi] INFO: NF EndPoint(fqdn) setup [udm.open5gs.org:0] (../lib/sbi/context.c:2195)
03/01 12:13:28.696: [sbi] WARNING: NF EndPoint(fqdn) updated [udm.open5gs.org:0] (../lib/sbi/context.c:1934)
03/01 12:13:28.698: [sbi] INFO: NF EndPoint(fqdn) setup [udm.open5gs.org:0] (../lib/sbi/context.c:1934)
03/01 12:13:28.698: [sbi] INFO: NF EndPoint(fqdn) setup [udm.open5gs.org:0] (../lib/sbi/context.c:1934)
03/01 12:13:28.699: [sbi] INFO: [9038400a-f696-41ef-924c-8516ffa4e794] (NF-discover) NF Profile updated [type:UDM validity:30s] (../lib/sbi/nnrf-handler.c:1290)
03/01 12:13:28.699: [smf] INFO: [9038400a-f696-41ef-924c-8516ffa4e794] NF Instance setup [type:UDM validity:30s] (../src/smf/nnrf-handler.c:65)
03/01 12:13:48.105: [smf] INFO: [Added] Number of SMF-UEs is now 2 (../src/smf/context.c:1029)
03/01 12:13:48.105: [smf] INFO: [Added] Number of SMF-Sessions is now 2 (../src/smf/context.c:3113)
03/01 12:13:48.106: [smf] INFO: NF EndPoint(fqdn) setup [amf1.open5gs.org:0] (../src/smf/nsmf-handler.c:269)
03/01 12:13:48.106: [sbi] INFO: [9038400a-f696-41ef-924c-8516ffa4e794] NF Instance setup [type:UDM validity:30s] (../lib/sbi/path.c:297)
03/01 12:13:48.116: [sbi] INFO: [94e77756-f696-41ef-835c-55301b81cbee] NF Instance setup [type:PCF validity:0s] (../lib/sbi/path.c:297)
03/01 12:13:48.134: [smf] INFO: NF EndPoint(fqdn) setup [pcf.open5gs.org:0] (../src/smf/npcf-handler.c:367)
03/01 12:13:48.215: [smf] INFO: UE SUPI[imsi-262011234567893] DNN[internet] IPv4[10.46.0.3] IPv6[] (../src/smf/npcf-handler.c:578)
03/01 12:13:48.322: [sbi] INFO: [908e72ea-f696-41ef-9b68-3bddb9e440ac] NF Instance setup [type:AMF validity:30s] (../lib/sbi/path.c:297)
03/01 12:13:48.580: [sbi] INFO: [9038400a-f696-41ef-924c-8516ffa4e794] NF Instance setup [type:UDM validity:30s] (../lib/sbi/path.c:297)
03/01 12:13:49.444: [smf] INFO: [Added] Number of SMF-UEs is now 3 (../src/smf/context.c:1029)
03/01 12:13:49.447: [smf] INFO: [Added] Number of SMF-Sessions is now 3 (../src/smf/context.c:3113)
03/01 12:13:49.469: [smf] INFO: NF EndPoint(fqdn) setup [amf1.open5gs.org:0] (../src/smf/nsmf-handler.c:269)
03/01 12:13:49.472: [sbi] INFO: [9038400a-f696-41ef-924c-8516ffa4e794] NF Instance setup [type:UDM validity:30s] (../lib/sbi/path.c:297)
03/01 12:13:49.497: [sbi] INFO: [94e77756-f696-41ef-835c-55301b81cbee] NF Instance setup [type:PCF validity:0s] (../lib/sbi/path.c:297)
03/01 12:13:49.545: [smf] INFO: NF EndPoint(fqdn) setup [pcf.open5gs.org:0] (../src/smf/npcf-handler.c:367)
03/01 12:13:49.548: [smf] INFO: UE SUPI[imsi-262011234567894] DNN[internet] IPv4[10.46.0.4] IPv6[] (../src/smf/npcf-handler.c:578)
03/01 12:13:49.581: [sbi] INFO: [908e72ea-f696-41ef-9b68-3bddb9e440ac] NF Instance setup [type:AMF validity:30s] (../lib/sbi/path.c:297)
03/01 12:13:49.623: [sbi] INFO: [9038400a-f696-41ef-924c-8516ffa4e794] NF Instance setup [type:UDM validity:30s] (../lib/sbi/path.c:297)
03/01 12:13:58.554: [sbi] INFO: [908e72ea-f696-41ef-9b68-3bddb9e440ac] NF expired [type:AMF] (../lib/sbi/nf-sm.c:308)
03/01 12:13:58.559: [sbi] INFO: [908e72ea-f696-41ef-9b68-3bddb9e440ac] NF de-registered [type:AMF] (../lib/sbi/nf-sm.c:345)
03/01 12:13:58.695: [sbi] INFO: [9038400a-f696-41ef-924c-8516ffa4e794] NF expired [type:UDM] (../lib/sbi/nf-sm.c:308)
03/01 12:13:58.696: [sbi] INFO: [9038400a-f696-41ef-924c-8516ffa4e794] NF de-registered [type:UDM] (../lib/sbi/nf-sm.c:345)
03/01 12:16:34.081: [app] INFO: SIGTERM received (../src/main.c:53)
03/01 12:16:34.098: [app] INFO: Open5GS daemon terminating... (../src/main.c:226)
03/01 12:16:34.143: [sbi] INFO: [90d6d9d6-f696-41ef-b1e2-bb1f323f72c4] NF de-registered (../lib/sbi/nf-sm.c:235)
03/01 12:16:34.197: [smf] INFO: PFCP de-associated [10.33.33.4]:8805 (../src/smf/pfcp-sm.c:218)
03/01 12:16:34.201: [smf] INFO: Removed Session: UE IMSI:[imsi-262011234567895] DNN:[internet:1] IPv4:[10.46.0.2] IPv6:[] (../src/smf/context.c:1689)
03/01 12:16:34.212: [smf] INFO: [Removed] Number of SMF-Sessions is now 2 (../src/smf/context.c:3121)
03/01 12:16:34.217: [smf] INFO: [Removed] Number of SMF-UEs is now 2 (../src/smf/context.c:1090)
03/01 12:16:34.224: [smf] INFO: Removed Session: UE IMSI:[imsi-262011234567893] DNN:[internet:1] IPv4:[10.46.0.3] IPv6:[] (../src/smf/context.c:1689)
03/01 12:16:34.225: [smf] INFO: [Removed] Number of SMF-Sessions is now 1 (../src/smf/context.c:3121)
03/01 12:16:34.231: [smf] INFO: [Removed] Number of SMF-UEs is now 1 (../src/smf/context.c:1090)
03/01 12:16:34.231: [smf] INFO: Removed Session: UE IMSI:[imsi-262011234567894] DNN:[internet:1] IPv4:[10.46.0.4] IPv6:[] (../src/smf/context.c:1689)
03/01 12:16:34.239: [smf] INFO: [Removed] Number of SMF-Sessions is now 0 (../src/smf/context.c:3121)
03/01 12:16:34.240: [smf] INFO: [Removed] Number of SMF-UEs is now 0 (../src/smf/context.c:1090)
03/01 12:16:34.274: [app] INFO: SMF terminate...done (../src/smf/app.c:39)
Open5GS daemon v2.7.2

03/01 12:17:27.075: [app] INFO: Configuration: '/etc/open5gs/custom/smf2.yaml' (../lib/app/ogs-init.c:133)
03/01 12:17:27.086: [app] INFO: File Logging: '/var/log/open5gs/smf2.log' (../lib/app/ogs-init.c:136)
03/01 12:17:27.462: [pfcp] WARNING: unknown key `ambr` (../lib/pfcp/context.c:827)
03/01 12:17:27.472: [sbi] INFO: NF EndPoint(fqdn) setup [nrf.open5gs.org:80] (../lib/sbi/context.c:426)
03/01 12:17:27.499: [metrics] INFO: metrics_server() [http://smf2.open5gs.org]:9090 (../lib/metrics/prometheus/context.c:296)
03/01 12:17:27.500: [smf] WARNING: No diameter configuration (../src/smf/fd-path.c:30)
03/01 12:17:27.505: [smf] WARNING: No GTP-C configuration (../src/smf/gtp-path.c:256)
03/01 12:17:27.509: [gtp] INFO: gtp_server() [10.33.33.20]:2152 (../lib/gtp/path.c:30)
03/01 12:17:27.513: [pfcp] INFO: pfcp_server() [10.33.33.20]:8805 (../lib/pfcp/path.c:30)
03/01 12:17:27.520: [pfcp] INFO: ogs_pfcp_connect() [10.33.33.5]:8805 (../lib/pfcp/path.c:61)
03/01 12:17:27.534: [sbi] INFO: NF Service [nsmf-pdusession] (../lib/sbi/context.c:1829)
03/01 12:17:27.546: [sbi] INFO: nghttp2_server() [http://smf2.open5gs.org]:80 (../lib/sbi/nghttp2-server.c:419)
03/01 12:17:27.547: [app] INFO: SMF initialize...done (../src/smf/app.c:31)
03/01 12:17:27.548: [smf] INFO: PFCP associated [10.33.33.5]:8805 (../src/smf/pfcp-sm.c:203)
03/01 12:17:27.641: [sbi] INFO: [23d4eb06-f697-41ef-bdca-7f922c8bfc00] NF registered [Heartbeat:10s] (../lib/sbi/nf-sm.c:208)
03/01 12:17:27.666: [sbi] INFO: NF EndPoint(fqdn) setup [nrf.open5gs.org:0] (../lib/sbi/nnrf-handler.c:949)
03/01 12:17:27.667: [sbi] INFO: [2402bbe4-f697-41ef-9421-0b3831d2292f] Subscription created until 2025-03-02T12:17:27.643247+00:00 [duration:86400000000,validity:86400.000000,patch:43200.000000] (../lib/sbi/nnrf-handler.c:868)
03/01 12:17:27.667: [sbi] INFO: NF EndPoint(fqdn) setup [nrf.open5gs.org:0] (../lib/sbi/nnrf-handler.c:949)
03/01 12:17:27.668: [sbi] INFO: [24031206-f697-41ef-9421-0b3831d2292f] Subscription created until 2025-03-02T12:17:27.654351+00:00 [duration:86400000000,validity:86400.000000,patch:43200.000000] (../lib/sbi/nnrf-handler.c:868)
03/01 12:17:27.668: [sbi] INFO: NF EndPoint(fqdn) setup [nrf.open5gs.org:0] (../lib/sbi/nnrf-handler.c:949)
03/01 12:17:27.668: [sbi] INFO: [24060e66-f697-41ef-9421-0b3831d2292f] Subscription created until 2025-03-02T12:17:27.664947+00:00 [duration:86400000000,validity:86400.000000,patch:43200.000000] (../lib/sbi/nnrf-handler.c:868)
03/01 12:17:27.668: [sbi] INFO: NF EndPoint(fqdn) setup [nrf.open5gs.org:0] (../lib/sbi/nnrf-handler.c:949)
03/01 12:17:27.668: [sbi] INFO: [2406259a-f697-41ef-9421-0b3831d2292f] Subscription created until 2025-03-02T12:17:27.665307+00:00 [duration:86400000000,validity:86400.000000,patch:43200.000000] (../lib/sbi/nnrf-handler.c:868)
03/01 12:17:27.669: [sbi] INFO: NF EndPoint(fqdn) setup [nrf.open5gs.org:0] (../lib/sbi/nnrf-handler.c:949)
03/01 12:17:27.669: [sbi] INFO: [24063616-f697-41ef-9421-0b3831d2292f] Subscription created until 2025-03-02T12:17:27.665727+00:00 [duration:86400000000,validity:86400.000000,patch:43200.000000] (../lib/sbi/nnrf-handler.c:868)
03/01 12:17:34.622: [sbi] INFO: [2822be90-f697-41ef-8e87-794c0eb81c23] (NRF-notify) NF registered (../lib/sbi/nnrf-handler.c:1133)
03/01 12:17:34.623: [sbi] INFO: [2822be90-f697-41ef-8e87-794c0eb81c23] (NRF-notify) NF Profile updated [type:PCF] (../lib/sbi/nnrf-handler.c:1147)
03/01 12:17:34.625: [sbi] INFO: NF EndPoint(fqdn) setup [pcf.open5gs.org:0] (../lib/sbi/context.c:2195)
03/01 12:17:34.626: [sbi] INFO: NF EndPoint(fqdn) setup [pcf.open5gs.org:0] (../lib/sbi/context.c:1934)
03/01 12:17:52.251: [smf] INFO: [Added] Number of SMF-UEs is now 1 (../src/smf/context.c:1029)
03/01 12:17:52.254: [smf] INFO: [Added] Number of SMF-Sessions is now 1 (../src/smf/context.c:3113)
03/01 12:17:52.261: [smf] INFO: NF EndPoint(fqdn) setup [amf1.open5gs.org:0] (../src/smf/nsmf-handler.c:269)
03/01 12:17:52.262: [sbi] WARNING: Try to discover [nudm-sdm] (../lib/sbi/path.c:548)
03/01 12:17:52.263: [sbi] INFO: [2393e0b6-f697-41ef-8029-7fe0af8420df] (NRF-discover) NF registered [type:NULL] (../lib/sbi/nnrf-handler.c:1245)
03/01 12:17:52.263: [sbi] INFO: NF EndPoint(fqdn) setup [udm.open5gs.org:0] (../lib/sbi/context.c:2195)
03/01 12:17:52.264: [sbi] INFO: NF EndPoint(fqdn) setup [udm.open5gs.org:0] (../lib/sbi/context.c:1934)
03/01 12:17:52.264: [sbi] INFO: [2393e0b6-f697-41ef-8029-7fe0af8420df] (NF-discover) NF Profile updated [type:UDM validity:30s] (../lib/sbi/nnrf-handler.c:1290)
03/01 12:17:52.264: [smf] INFO: [2393e0b6-f697-41ef-8029-7fe0af8420df] NF Instance setup [type:UDM validity:30s] (../src/smf/nnrf-handler.c:65)
03/01 12:17:52.270: [sbi] INFO: [2822be90-f697-41ef-8e87-794c0eb81c23] NF Instance setup [type:PCF validity:0s] (../lib/sbi/path.c:297)
03/01 12:17:52.280: [smf] INFO: NF EndPoint(fqdn) setup [pcf.open5gs.org:0] (../src/smf/npcf-handler.c:367)
03/01 12:17:52.280: [smf] INFO: UE SUPI[imsi-262011234567894] DNN[internet] IPv4[10.46.0.2] IPv6[] (../src/smf/npcf-handler.c:578)
03/01 12:17:52.284: [gtp] INFO: gtp_connect() [10.33.33.5]:2152 (../lib/gtp/path.c:60)
03/01 12:17:52.284: [sbi] WARNING: Try to discover [namf-comm] (../lib/sbi/path.c:548)
03/01 12:17:52.286: [sbi] INFO: [22f8ffec-f697-41ef-a387-0153bf9dcd0a] (NRF-discover) NF registered [type:NULL] (../lib/sbi/nnrf-handler.c:1245)
03/01 12:17:52.286: [sbi] INFO: NF EndPoint(fqdn) setup [amf1.open5gs.org:0] (../lib/sbi/context.c:2195)
03/01 12:17:52.286: [sbi] INFO: NF EndPoint(fqdn) setup [amf1.open5gs.org:0] (../lib/sbi/context.c:1934)
03/01 12:17:52.287: [sbi] INFO: [22f8ffec-f697-41ef-a387-0153bf9dcd0a] (NF-discover) NF Profile updated [type:AMF validity:30s] (../lib/sbi/nnrf-handler.c:1290)
03/01 12:17:52.287: [smf] INFO: [22f8ffec-f697-41ef-a387-0153bf9dcd0a] NF Instance setup [type:AMF validity:30s] (../src/smf/nnrf-handler.c:65)
03/01 12:17:52.309: [sbi] WARNING: Try to discover [nudm-uecm] (../lib/sbi/path.c:548)
03/01 12:17:52.311: [sbi] WARNING: [2393e0b6-f697-41ef-8029-7fe0af8420df] (NRF-discover) NF has already been added [type:UDM] (../lib/sbi/nnrf-handler.c:1249)
03/01 12:17:52.311: [sbi] WARNING: NF EndPoint(fqdn) updated [udm.open5gs.org:0] (../lib/sbi/context.c:2195)
03/01 12:17:52.312: [sbi] INFO: NF EndPoint(fqdn) setup [udm.open5gs.org:0] (../lib/sbi/context.c:2195)
03/01 12:17:52.312: [sbi] WARNING: NF EndPoint(fqdn) updated [udm.open5gs.org:0] (../lib/sbi/context.c:1934)
03/01 12:17:52.312: [sbi] INFO: NF EndPoint(fqdn) setup [udm.open5gs.org:0] (../lib/sbi/context.c:1934)
03/01 12:17:52.312: [sbi] INFO: NF EndPoint(fqdn) setup [udm.open5gs.org:0] (../lib/sbi/context.c:1934)
03/01 12:17:52.313: [sbi] INFO: [2393e0b6-f697-41ef-8029-7fe0af8420df] (NF-discover) NF Profile updated [type:UDM validity:30s] (../lib/sbi/nnrf-handler.c:1290)
03/01 12:17:52.313: [smf] INFO: [2393e0b6-f697-41ef-8029-7fe0af8420df] NF Instance setup [type:UDM validity:30s] (../src/smf/nnrf-handler.c:65)
03/01 12:17:52.775: [smf] INFO: [Added] Number of SMF-UEs is now 2 (../src/smf/context.c:1029)
03/01 12:17:52.776: [smf] INFO: [Added] Number of SMF-Sessions is now 2 (../src/smf/context.c:3113)
03/01 12:17:52.776: [smf] INFO: NF EndPoint(fqdn) setup [amf1.open5gs.org:0] (../src/smf/nsmf-handler.c:269)
03/01 12:17:52.776: [sbi] INFO: [2393e0b6-f697-41ef-8029-7fe0af8420df] NF Instance setup [type:UDM validity:30s] (../lib/sbi/path.c:297)
03/01 12:17:52.778: [sbi] INFO: [2822be90-f697-41ef-8e87-794c0eb81c23] NF Instance setup [type:PCF validity:0s] (../lib/sbi/path.c:297)
03/01 12:17:52.782: [smf] INFO: NF EndPoint(fqdn) setup [pcf.open5gs.org:0] (../src/smf/npcf-handler.c:367)
03/01 12:17:52.782: [smf] INFO: UE SUPI[imsi-262011234567895] DNN[internet] IPv4[10.46.0.3] IPv6[] (../src/smf/npcf-handler.c:578)
03/01 12:17:52.784: [sbi] INFO: [22f8ffec-f697-41ef-a387-0153bf9dcd0a] NF Instance setup [type:AMF validity:30s] (../lib/sbi/path.c:297)
03/01 12:17:52.792: [sbi] INFO: [2393e0b6-f697-41ef-8029-7fe0af8420df] NF Instance setup [type:UDM validity:30s] (../lib/sbi/path.c:297)
03/01 12:17:53.926: [smf] INFO: [Added] Number of SMF-UEs is now 3 (../src/smf/context.c:1029)
03/01 12:17:53.926: [smf] INFO: [Added] Number of SMF-Sessions is now 3 (../src/smf/context.c:3113)
03/01 12:17:53.926: [smf] INFO: NF EndPoint(fqdn) setup [amf1.open5gs.org:0] (../src/smf/nsmf-handler.c:269)
03/01 12:17:53.927: [sbi] INFO: [2393e0b6-f697-41ef-8029-7fe0af8420df] NF Instance setup [type:UDM validity:30s] (../lib/sbi/path.c:297)
03/01 12:17:53.939: [sbi] INFO: [2822be90-f697-41ef-8e87-794c0eb81c23] NF Instance setup [type:PCF validity:0s] (../lib/sbi/path.c:297)
03/01 12:17:53.950: [smf] INFO: NF EndPoint(fqdn) setup [pcf.open5gs.org:0] (../src/smf/npcf-handler.c:367)
03/01 12:17:53.950: [smf] INFO: UE SUPI[imsi-262011234567893] DNN[internet] IPv4[10.46.0.4] IPv6[] (../src/smf/npcf-handler.c:578)
03/01 12:17:53.954: [sbi] INFO: [22f8ffec-f697-41ef-a387-0153bf9dcd0a] NF Instance setup [type:AMF validity:30s] (../lib/sbi/path.c:297)
03/01 12:17:53.968: [sbi] INFO: [2393e0b6-f697-41ef-8029-7fe0af8420df] NF Instance setup [type:UDM validity:30s] (../lib/sbi/path.c:297)
03/01 12:18:22.280: [sbi] INFO: [22f8ffec-f697-41ef-a387-0153bf9dcd0a] NF expired [type:AMF] (../lib/sbi/nf-sm.c:308)
03/01 12:18:22.282: [sbi] INFO: [22f8ffec-f697-41ef-a387-0153bf9dcd0a] NF de-registered [type:AMF] (../lib/sbi/nf-sm.c:345)
03/01 12:18:22.304: [sbi] INFO: [2393e0b6-f697-41ef-8029-7fe0af8420df] NF expired [type:UDM] (../lib/sbi/nf-sm.c:308)
03/01 12:18:22.309: [sbi] INFO: [2393e0b6-f697-41ef-8029-7fe0af8420df] NF de-registered [type:UDM] (../lib/sbi/nf-sm.c:345)
03/01 12:21:25.453: [sbi] WARNING: [2393e0b6-f697-41ef-8029-7fe0af8420df] (NRF-notify) Not found (../lib/sbi/nnrf-handler.c:1171)
03/01 12:21:25.485: [app] INFO: SIGTERM received (../src/main.c:53)
03/01 12:21:25.490: [app] INFO: Open5GS daemon terminating... (../src/main.c:226)
03/01 12:21:25.491: [sbi] INFO: [23d4eb06-f697-41ef-bdca-7f922c8bfc00] NF de-registered (../lib/sbi/nf-sm.c:235)
03/01 12:21:25.500: [smf] INFO: PFCP de-associated [10.33.33.5]:8805 (../src/smf/pfcp-sm.c:218)
03/01 12:21:25.513: [smf] INFO: Removed Session: UE IMSI:[imsi-262011234567894] DNN:[internet:1] IPv4:[10.46.0.2] IPv6:[] (../src/smf/context.c:1689)
03/01 12:21:25.521: [smf] INFO: [Removed] Number of SMF-Sessions is now 2 (../src/smf/context.c:3121)
03/01 12:21:25.530: [smf] INFO: [Removed] Number of SMF-UEs is now 2 (../src/smf/context.c:1090)
03/01 12:21:25.538: [smf] INFO: Removed Session: UE IMSI:[imsi-262011234567895] DNN:[internet:1] IPv4:[10.46.0.3] IPv6:[] (../src/smf/context.c:1689)
03/01 12:21:25.540: [smf] INFO: [Removed] Number of SMF-Sessions is now 1 (../src/smf/context.c:3121)
03/01 12:21:25.540: [smf] INFO: [Removed] Number of SMF-UEs is now 1 (../src/smf/context.c:1090)
03/01 12:21:25.546: [smf] INFO: Removed Session: UE IMSI:[imsi-262011234567893] DNN:[internet:1] IPv4:[10.46.0.4] IPv6:[] (../src/smf/context.c:1689)
03/01 12:21:25.546: [smf] INFO: [Removed] Number of SMF-Sessions is now 0 (../src/smf/context.c:3121)
03/01 12:21:25.547: [smf] INFO: [Removed] Number of SMF-UEs is now 0 (../src/smf/context.c:1090)
03/01 12:21:25.573: [app] INFO: SMF terminate...done (../src/smf/app.c:39)
Open5GS daemon v2.7.2

03/01 12:21:42.653: [app] INFO: Configuration: '/etc/open5gs/custom/smf2.yaml' (../lib/app/ogs-init.c:133)
03/01 12:21:42.655: [app] INFO: File Logging: '/var/log/open5gs/smf2.log' (../lib/app/ogs-init.c:136)
03/01 12:21:43.076: [sock] ERROR: getaddrinfo(0:upf2.open5gs.org:8805:0x0) failed (../lib/core/ogs-sockaddr.c:116)
03/01 12:21:43.078: [pfcp] FATAL: ogs_pfcp_context_parse_config: Assertion `rv == OGS_OK' failed. (../lib/pfcp/context.c:691)
03/01 12:21:43.084: [core] FATAL: backtrace() returned 8 addresses (../lib/core/ogs-abort.c:37)
/usr/local/lib/libogspfcp.so.2(ogs_pfcp_context_parse_config+0x1900) [0xffffb709362c]
open5gs-smfd(+0xdcfc) [0xaaaac8eedcfc]
open5gs-smfd(+0xd0a4) [0xaaaac8eed0a4]
open5gs-smfd(+0xda20) [0xaaaac8eeda20]
/lib/aarch64-linux-gnu/libc.so.6(+0x273fc) [0xffffb6d973fc]
/lib/aarch64-linux-gnu/libc.so.6(__libc_start_main+0x98) [0xffffb6d974cc]
open5gs-smfd(+0xcfb0) [0xaaaac8eecfb0]
Open5GS daemon v2.7.2

03/01 12:22:32.766: [app] INFO: Configuration: '/etc/open5gs/custom/smf2.yaml' (../lib/app/ogs-init.c:133)
03/01 12:22:32.770: [app] INFO: File Logging: '/var/log/open5gs/smf2.log' (../lib/app/ogs-init.c:136)
03/01 12:22:33.026: [sbi] INFO: NF EndPoint(fqdn) setup [nrf.open5gs.org:80] (../lib/sbi/context.c:426)
03/01 12:22:33.030: [metrics] INFO: metrics_server() [http://smf2.open5gs.org]:9090 (../lib/metrics/prometheus/context.c:296)
03/01 12:22:33.030: [smf] WARNING: No diameter configuration (../src/smf/fd-path.c:30)
03/01 12:22:33.031: [smf] WARNING: No GTP-C configuration (../src/smf/gtp-path.c:256)
03/01 12:22:33.055: [gtp] INFO: gtp_server() [10.33.33.13]:2152 (../lib/gtp/path.c:30)
03/01 12:22:33.058: [pfcp] INFO: pfcp_server() [10.33.33.13]:8805 (../lib/pfcp/path.c:30)
03/01 12:22:33.058: [pfcp] INFO: ogs_pfcp_connect() [10.33.33.5]:8805 (../lib/pfcp/path.c:61)
03/01 12:22:33.062: [sbi] INFO: NF Service [nsmf-pdusession] (../lib/sbi/context.c:1829)
03/01 12:22:33.114: [sbi] INFO: nghttp2_server() [http://smf2.open5gs.org]:80 (../lib/sbi/nghttp2-server.c:419)
03/01 12:22:33.124: [app] INFO: SMF initialize...done (../src/smf/app.c:31)
03/01 12:22:33.132: [smf] INFO: PFCP associated [10.33.33.5]:8805 (../src/smf/pfcp-sm.c:203)
03/01 12:22:33.202: [sbi] INFO: [d9facbbc-f697-41ef-b56a-d528dea9c303] NF registered [Heartbeat:10s] (../lib/sbi/nf-sm.c:208)
03/01 12:22:33.207: [sbi] INFO: NF EndPoint(fqdn) setup [nrf.open5gs.org:0] (../lib/sbi/nnrf-handler.c:949)
03/01 12:22:33.207: [sbi] INFO: [da23b662-f697-41ef-8cb9-833ebf5b1e67] Subscription created until 2025-03-02T12:22:33.204428+00:00 [duration:86400000000,validity:86400.000000,patch:43200.000000] (../lib/sbi/nnrf-handler.c:868)
03/01 12:22:33.210: [sbi] INFO: NF EndPoint(fqdn) setup [nrf.open5gs.org:0] (../lib/sbi/nnrf-handler.c:949)
03/01 12:22:33.210: [sbi] INFO: [da23c85a-f697-41ef-8cb9-833ebf5b1e67] Subscription created until 2025-03-02T12:22:33.205482+00:00 [duration:86400000000,validity:86400.000000,patch:43200.000000] (../lib/sbi/nnrf-handler.c:868)
03/01 12:22:33.210: [sbi] INFO: NF EndPoint(fqdn) setup [nrf.open5gs.org:0] (../lib/sbi/nnrf-handler.c:949)
03/01 12:22:33.210: [sbi] INFO: [da23fa28-f697-41ef-8cb9-833ebf5b1e67] Subscription created until 2025-03-02T12:22:33.206496+00:00 [duration:86400000000,validity:86400.000000,patch:43200.000000] (../lib/sbi/nnrf-handler.c:868)
03/01 12:22:33.210: [sbi] INFO: NF EndPoint(fqdn) setup [nrf.open5gs.org:0] (../lib/sbi/nnrf-handler.c:949)
03/01 12:22:33.210: [sbi] INFO: [da245ee6-f697-41ef-8cb9-833ebf5b1e67] Subscription created until 2025-03-02T12:22:33.209102+00:00 [duration:86400000000,validity:86400.000000,patch:43200.000000] (../lib/sbi/nnrf-handler.c:868)
03/01 12:22:33.211: [sbi] INFO: NF EndPoint(fqdn) setup [nrf.open5gs.org:0] (../lib/sbi/nnrf-handler.c:949)
03/01 12:22:33.211: [sbi] INFO: [da2481be-f697-41ef-8cb9-833ebf5b1e67] Subscription created until 2025-03-02T12:22:33.209690+00:00 [duration:86400000000,validity:86400.000000,patch:43200.000000] (../lib/sbi/nnrf-handler.c:868)
03/01 12:22:33.423: [sbi] INFO: [da21f3f4-f697-41ef-a6c0-0b02d3b68aa8] (NRF-notify) NF registered (../lib/sbi/nnrf-handler.c:1133)
03/01 12:22:33.444: [sbi] INFO: [da21f3f4-f697-41ef-a6c0-0b02d3b68aa8] (NRF-notify) NF Profile updated [type:AMF] (../lib/sbi/nnrf-handler.c:1147)
03/01 12:22:33.451: [sbi] INFO: NF EndPoint(fqdn) setup [amf3.open5gs.org:0] (../lib/sbi/context.c:2195)
03/01 12:22:33.452: [sbi] INFO: NF EndPoint(fqdn) setup [amf3.open5gs.org:0] (../lib/sbi/context.c:1934)
03/01 12:22:33.527: [sbi] INFO: [da3bafb0-f697-41ef-b272-2d001840b518] (NRF-notify) NF registered (../lib/sbi/nnrf-handler.c:1133)
03/01 12:22:33.536: [sbi] INFO: [da3bafb0-f697-41ef-b272-2d001840b518] (NRF-notify) NF Profile updated [type:AMF] (../lib/sbi/nnrf-handler.c:1147)
03/01 12:22:33.540: [sbi] INFO: NF EndPoint(fqdn) setup [amf2.open5gs.org:0] (../lib/sbi/context.c:2195)
03/01 12:22:33.551: [sbi] INFO: NF EndPoint(fqdn) setup [amf2.open5gs.org:0] (../lib/sbi/context.c:1934)
03/01 12:22:34.379: [sbi] INFO: [dabbab84-f697-41ef-b767-15a84bbc92d4] (NRF-notify) NF registered (../lib/sbi/nnrf-handler.c:1133)
03/01 12:22:34.382: [sbi] INFO: [dabbab84-f697-41ef-b767-15a84bbc92d4] (NRF-notify) NF Profile updated [type:UDM] (../lib/sbi/nnrf-handler.c:1147)
03/01 12:22:34.386: [sbi] INFO: NF EndPoint(fqdn) setup [udm.open5gs.org:0] (../lib/sbi/context.c:2195)
03/01 12:22:34.391: [sbi] INFO: NF EndPoint(fqdn) setup [udm.open5gs.org:0] (../lib/sbi/context.c:1934)
03/01 12:22:34.393: [sbi] WARNING: [dabbab84-f697-41ef-b767-15a84bbc92d4] (NRF-notify) NF has already been added [type:UDM] (../lib/sbi/nnrf-handler.c:1135)
03/01 12:22:34.396: [sbi] INFO: [dabbab84-f697-41ef-b767-15a84bbc92d4] (NRF-notify) NF Profile updated [type:UDM] (../lib/sbi/nnrf-handler.c:1147)
03/01 12:22:34.396: [sbi] WARNING: NF EndPoint(fqdn) updated [udm.open5gs.org:0] (../lib/sbi/context.c:2195)
03/01 12:22:34.399: [sbi] INFO: NF EndPoint(fqdn) setup [udm.open5gs.org:0] (../lib/sbi/context.c:2195)
03/01 12:22:34.402: [sbi] WARNING: NF EndPoint(fqdn) updated [udm.open5gs.org:0] (../lib/sbi/context.c:1934)
03/01 12:22:34.404: [sbi] INFO: NF EndPoint(fqdn) setup [udm.open5gs.org:0] (../lib/sbi/context.c:1934)
03/01 12:22:34.408: [sbi] INFO: NF EndPoint(fqdn) setup [udm.open5gs.org:0] (../lib/sbi/context.c:1934)
03/01 12:22:34.412: [sbi] INFO: [dac03280-f697-41ef-ba37-9dc88bc70dc3] (NRF-notify) NF registered (../lib/sbi/nnrf-handler.c:1133)
03/01 12:22:34.417: [sbi] INFO: [dac03280-f697-41ef-ba37-9dc88bc70dc3] (NRF-notify) NF Profile updated [type:AMF] (../lib/sbi/nnrf-handler.c:1147)
03/01 12:22:34.418: [sbi] INFO: NF EndPoint(fqdn) setup [amf1.open5gs.org:0] (../lib/sbi/context.c:2195)
03/01 12:22:34.418: [sbi] INFO: NF EndPoint(fqdn) setup [amf1.open5gs.org:0] (../lib/sbi/context.c:1934)
03/01 12:22:41.961: [sbi] INFO: [df4231c8-f697-41ef-9930-4f71b10d9375] (NRF-notify) NF registered (../lib/sbi/nnrf-handler.c:1133)
03/01 12:22:41.974: [sbi] INFO: [df4231c8-f697-41ef-9930-4f71b10d9375] (NRF-notify) NF Profile updated [type:PCF] (../lib/sbi/nnrf-handler.c:1147)
03/01 12:22:41.977: [sbi] INFO: NF EndPoint(fqdn) setup [pcf.open5gs.org:0] (../lib/sbi/context.c:2195)
03/01 12:22:41.978: [sbi] INFO: NF EndPoint(fqdn) setup [pcf.open5gs.org:0] (../lib/sbi/context.c:1934)
03/01 12:22:43.031: [smf] INFO: [Added] Number of SMF-UEs is now 1 (../src/smf/context.c:1029)
03/01 12:22:43.032: [smf] INFO: [Added] Number of SMF-Sessions is now 1 (../src/smf/context.c:3113)
03/01 12:22:43.033: [smf] INFO: NF EndPoint(fqdn) setup [amf1.open5gs.org:0] (../src/smf/nsmf-handler.c:269)
03/01 12:22:43.041: [sbi] INFO: [dabbab84-f697-41ef-b767-15a84bbc92d4] NF Instance setup [type:UDM validity:0s] (../lib/sbi/path.c:297)
03/01 12:22:43.056: [sbi] INFO: [df4231c8-f697-41ef-9930-4f71b10d9375] NF Instance setup [type:PCF validity:0s] (../lib/sbi/path.c:297)
03/01 12:22:43.072: [smf] INFO: NF EndPoint(fqdn) setup [pcf.open5gs.org:0] (../src/smf/npcf-handler.c:367)
03/01 12:22:43.075: [smf] INFO: UE SUPI[imsi-262011234567893] DNN[internet] IPv4[10.46.0.2] IPv6[] (../src/smf/npcf-handler.c:578)
03/01 12:22:43.096: [gtp] INFO: gtp_connect() [10.33.33.5]:2152 (../lib/gtp/path.c:60)
03/01 12:22:43.101: [sbi] INFO: [dac03280-f697-41ef-ba37-9dc88bc70dc3] NF Instance setup [type:AMF validity:0s] (../lib/sbi/path.c:297)
03/01 12:22:43.134: [sbi] INFO: [dabbab84-f697-41ef-b767-15a84bbc92d4] NF Instance setup [type:UDM validity:0s] (../lib/sbi/path.c:297)
03/01 12:23:00.587: [smf] INFO: [Added] Number of SMF-UEs is now 2 (../src/smf/context.c:1029)
03/01 12:23:00.589: [smf] INFO: [Added] Number of SMF-Sessions is now 2 (../src/smf/context.c:3113)
03/01 12:23:00.589: [smf] INFO: NF EndPoint(fqdn) setup [amf1.open5gs.org:0] (../src/smf/nsmf-handler.c:269)
03/01 12:23:00.589: [sbi] INFO: [dabbab84-f697-41ef-b767-15a84bbc92d4] NF Instance setup [type:UDM validity:0s] (../lib/sbi/path.c:297)
03/01 12:23:00.596: [sbi] INFO: [df4231c8-f697-41ef-9930-4f71b10d9375] NF Instance setup [type:PCF validity:0s] (../lib/sbi/path.c:297)
03/01 12:23:00.601: [smf] INFO: NF EndPoint(fqdn) setup [pcf.open5gs.org:0] (../src/smf/npcf-handler.c:367)
03/01 12:23:00.602: [smf] INFO: UE SUPI[imsi-262011234567894] DNN[internet] IPv4[10.46.0.3] IPv6[] (../src/smf/npcf-handler.c:578)
03/01 12:23:00.605: [sbi] INFO: [dac03280-f697-41ef-ba37-9dc88bc70dc3] NF Instance setup [type:AMF validity:0s] (../lib/sbi/path.c:297)
03/01 12:23:00.624: [sbi] INFO: [dabbab84-f697-41ef-b767-15a84bbc92d4] NF Instance setup [type:UDM validity:0s] (../lib/sbi/path.c:297)
03/01 12:23:01.165: [smf] INFO: [Added] Number of SMF-UEs is now 3 (../src/smf/context.c:1029)
03/01 12:23:01.165: [smf] INFO: [Added] Number of SMF-Sessions is now 3 (../src/smf/context.c:3113)
03/01 12:23:01.166: [smf] INFO: NF EndPoint(fqdn) setup [amf1.open5gs.org:0] (../src/smf/nsmf-handler.c:269)
03/01 12:23:01.166: [sbi] INFO: [dabbab84-f697-41ef-b767-15a84bbc92d4] NF Instance setup [type:UDM validity:0s] (../lib/sbi/path.c:297)
03/01 12:23:01.172: [sbi] INFO: [df4231c8-f697-41ef-9930-4f71b10d9375] NF Instance setup [type:PCF validity:0s] (../lib/sbi/path.c:297)
03/01 12:23:01.182: [smf] INFO: NF EndPoint(fqdn) setup [pcf.open5gs.org:0] (../src/smf/npcf-handler.c:367)
03/01 12:23:01.182: [smf] INFO: UE SUPI[imsi-262011234567895] DNN[internet] IPv4[10.46.0.4] IPv6[] (../src/smf/npcf-handler.c:578)
03/01 12:23:01.183: [sbi] INFO: [dac03280-f697-41ef-ba37-9dc88bc70dc3] NF Instance setup [type:AMF validity:0s] (../lib/sbi/path.c:297)
03/01 12:23:01.190: [sbi] INFO: [dabbab84-f697-41ef-b767-15a84bbc92d4] NF Instance setup [type:UDM validity:0s] (../lib/sbi/path.c:297)
03/01 12:27:36.158: [app] INFO: SIGTERM received (../src/main.c:53)
03/01 12:27:36.160: [app] INFO: Open5GS daemon terminating... (../src/main.c:226)
03/01 12:27:36.175: [sbi] INFO: [d9facbbc-f697-41ef-b56a-d528dea9c303] NF de-registered (../lib/sbi/nf-sm.c:235)
03/01 12:27:36.183: [smf] INFO: PFCP de-associated [10.33.33.5]:8805 (../src/smf/pfcp-sm.c:218)
03/01 12:27:36.239: [smf] INFO: Removed Session: UE IMSI:[imsi-262011234567893] DNN:[internet:1] IPv4:[10.46.0.2] IPv6:[] (../src/smf/context.c:1689)
03/01 12:27:36.257: [smf] INFO: [Removed] Number of SMF-Sessions is now 2 (../src/smf/context.c:3121)
03/01 12:27:36.272: [smf] INFO: [Removed] Number of SMF-UEs is now 2 (../src/smf/context.c:1090)
03/01 12:27:36.305: [smf] INFO: Removed Session: UE IMSI:[imsi-262011234567894] DNN:[internet:1] IPv4:[10.46.0.3] IPv6:[] (../src/smf/context.c:1689)
03/01 12:27:36.305: [smf] INFO: [Removed] Number of SMF-Sessions is now 1 (../src/smf/context.c:3121)
03/01 12:27:36.306: [smf] INFO: [Removed] Number of SMF-UEs is now 1 (../src/smf/context.c:1090)
03/01 12:27:36.306: [smf] INFO: Removed Session: UE IMSI:[imsi-262011234567895] DNN:[internet:1] IPv4:[10.46.0.4] IPv6:[] (../src/smf/context.c:1689)
03/01 12:27:36.306: [smf] INFO: [Removed] Number of SMF-Sessions is now 0 (../src/smf/context.c:3121)
03/01 12:27:36.313: [smf] INFO: [Removed] Number of SMF-UEs is now 0 (../src/smf/context.c:1090)
03/01 12:27:36.359: [app] INFO: SMF terminate...done (../src/smf/app.c:39)
Open5GS daemon v2.7.2

03/01 12:28:27.427: [app] INFO: Configuration: '/etc/open5gs/custom/smf2.yaml' (../lib/app/ogs-init.c:133)
03/01 12:28:27.429: [app] INFO: File Logging: '/var/log/open5gs/smf2.log' (../lib/app/ogs-init.c:136)
03/01 12:28:27.926: [pfcp] WARNING: unknown key `ambr` (../lib/pfcp/context.c:827)
03/01 12:28:27.929: [sbi] INFO: NF EndPoint(fqdn) setup [nrf.open5gs.org:80] (../lib/sbi/context.c:426)
03/01 12:28:27.949: [metrics] INFO: metrics_server() [http://smf2.open5gs.org]:9090 (../lib/metrics/prometheus/context.c:296)
03/01 12:28:27.950: [smf] WARNING: No diameter configuration (../src/smf/fd-path.c:30)
03/01 12:28:27.953: [smf] WARNING: No GTP-C configuration (../src/smf/gtp-path.c:256)
03/01 12:28:27.963: [gtp] INFO: gtp_server() [10.33.33.14]:2152 (../lib/gtp/path.c:30)
03/01 12:28:27.965: [pfcp] INFO: pfcp_server() [10.33.33.14]:8805 (../lib/pfcp/path.c:30)
03/01 12:28:27.967: [pfcp] INFO: ogs_pfcp_connect() [10.33.33.6]:8805 (../lib/pfcp/path.c:61)
03/01 12:28:27.970: [sbi] INFO: NF Service [nsmf-pdusession] (../lib/sbi/context.c:1829)
03/01 12:28:27.978: [sbi] INFO: nghttp2_server() [http://smf2.open5gs.org]:80 (../lib/sbi/nghttp2-server.c:419)
03/01 12:28:27.983: [app] INFO: SMF initialize...done (../src/smf/app.c:31)
03/01 12:28:27.983: [smf] INFO: PFCP associated [10.33.33.6]:8805 (../src/smf/pfcp-sm.c:203)
03/01 12:28:28.093: [sbi] INFO: [ad8a2996-f698-41ef-bc35-2dae410cd05c] NF registered [Heartbeat:10s] (../lib/sbi/nf-sm.c:208)
03/01 12:28:28.153: [sbi] INFO: NF EndPoint(fqdn) setup [nrf.open5gs.org:0] (../lib/sbi/nnrf-handler.c:949)
03/01 12:28:28.157: [sbi] INFO: [adad4570-f698-41ef-a910-df10e138ffb0] Subscription created until 2025-03-02T12:28:28.113599+00:00 [duration:86400000000,validity:86400.000000,patch:43200.000000] (../lib/sbi/nnrf-handler.c:868)
03/01 12:28:28.162: [sbi] INFO: NF EndPoint(fqdn) setup [nrf.open5gs.org:0] (../lib/sbi/nnrf-handler.c:949)
03/01 12:28:28.162: [sbi] INFO: [adaefc4e-f698-41ef-a910-df10e138ffb0] Subscription created until 2025-03-02T12:28:28.116918+00:00 [duration:86400000000,validity:86400.000000,patch:43200.000000] (../lib/sbi/nnrf-handler.c:868)
03/01 12:28:28.162: [sbi] INFO: NF EndPoint(fqdn) setup [nrf.open5gs.org:0] (../lib/sbi/nnrf-handler.c:949)
03/01 12:28:28.163: [sbi] INFO: [adaff1a8-f698-41ef-a910-df10e138ffb0] Subscription created until 2025-03-02T12:28:28.123137+00:00 [duration:86400000000,validity:86400.000000,patch:43200.000000] (../lib/sbi/nnrf-handler.c:868)
03/01 12:28:28.169: [sbi] INFO: NF EndPoint(fqdn) setup [nrf.open5gs.org:0] (../lib/sbi/nnrf-handler.c:949)
03/01 12:28:28.177: [sbi] INFO: [adb03b2c-f698-41ef-a910-df10e138ffb0] Subscription created until 2025-03-02T12:28:28.124792+00:00 [duration:86400000000,validity:86400.000000,patch:43200.000000] (../lib/sbi/nnrf-handler.c:868)
03/01 12:28:28.190: [sbi] INFO: NF EndPoint(fqdn) setup [nrf.open5gs.org:0] (../lib/sbi/nnrf-handler.c:949)
03/01 12:28:28.192: [sbi] INFO: [adb0d35c-f698-41ef-a910-df10e138ffb0] Subscription created until 2025-03-02T12:28:28.128564+00:00 [duration:86400000000,validity:86400.000000,patch:43200.000000] (../lib/sbi/nnrf-handler.c:868)
03/01 12:28:28.375: [sbi] INFO: [adbe824a-f698-41ef-aa4f-9971e66ce558] (NRF-notify) NF registered (../lib/sbi/nnrf-handler.c:1133)
03/01 12:28:28.395: [sbi] INFO: [adbe824a-f698-41ef-aa4f-9971e66ce558] (NRF-notify) NF Profile updated [type:UDM] (../lib/sbi/nnrf-handler.c:1147)
03/01 12:28:28.396: [sbi] INFO: NF EndPoint(fqdn) setup [udm.open5gs.org:0] (../lib/sbi/context.c:2195)
03/01 12:28:28.397: [sbi] INFO: NF EndPoint(fqdn) setup [udm.open5gs.org:0] (../lib/sbi/context.c:1934)
03/01 12:28:28.400: [sbi] INFO: [adbe929e-f698-41ef-b62c-0d1cc530ca92] (NRF-notify) NF registered (../lib/sbi/nnrf-handler.c:1133)
03/01 12:28:28.404: [sbi] INFO: [adbe929e-f698-41ef-b62c-0d1cc530ca92] (NRF-notify) NF Profile updated [type:AMF] (../lib/sbi/nnrf-handler.c:1147)
03/01 12:28:28.405: [sbi] INFO: NF EndPoint(fqdn) setup [amf3.open5gs.org:0] (../lib/sbi/context.c:2195)
03/01 12:28:28.417: [sbi] INFO: NF EndPoint(fqdn) setup [amf3.open5gs.org:0] (../lib/sbi/context.c:1934)
03/01 12:28:28.417: [sbi] WARNING: [adbe824a-f698-41ef-aa4f-9971e66ce558] (NRF-notify) NF has already been added [type:UDM] (../lib/sbi/nnrf-handler.c:1135)
03/01 12:28:28.418: [sbi] INFO: [adbe824a-f698-41ef-aa4f-9971e66ce558] (NRF-notify) NF Profile updated [type:UDM] (../lib/sbi/nnrf-handler.c:1147)
03/01 12:28:28.418: [sbi] WARNING: NF EndPoint(fqdn) updated [udm.open5gs.org:0] (../lib/sbi/context.c:2195)
03/01 12:28:28.418: [sbi] INFO: NF EndPoint(fqdn) setup [udm.open5gs.org:0] (../lib/sbi/context.c:2195)
03/01 12:28:28.418: [sbi] WARNING: NF EndPoint(fqdn) updated [udm.open5gs.org:0] (../lib/sbi/context.c:1934)
03/01 12:28:28.418: [sbi] INFO: NF EndPoint(fqdn) setup [udm.open5gs.org:0] (../lib/sbi/context.c:1934)
03/01 12:28:28.419: [sbi] INFO: NF EndPoint(fqdn) setup [udm.open5gs.org:0] (../lib/sbi/context.c:1934)
03/01 12:28:35.864: [sbi] INFO: [b2436ea2-f698-41ef-b315-23a0102b05d8] (NRF-notify) NF registered (../lib/sbi/nnrf-handler.c:1133)
03/01 12:28:35.870: [sbi] INFO: [b2436ea2-f698-41ef-b315-23a0102b05d8] (NRF-notify) NF Profile updated [type:PCF] (../lib/sbi/nnrf-handler.c:1147)
03/01 12:28:35.876: [sbi] INFO: NF EndPoint(fqdn) setup [pcf.open5gs.org:0] (../lib/sbi/context.c:2195)
03/01 12:28:35.887: [sbi] INFO: NF EndPoint(fqdn) setup [pcf.open5gs.org:0] (../lib/sbi/context.c:1934)
03/01 12:28:36.583: [smf] INFO: [Added] Number of SMF-UEs is now 1 (../src/smf/context.c:1029)
03/01 12:28:36.583: [smf] INFO: [Added] Number of SMF-Sessions is now 1 (../src/smf/context.c:3113)
03/01 12:28:36.585: [smf] INFO: NF EndPoint(fqdn) setup [amf1.open5gs.org:0] (../src/smf/nsmf-handler.c:269)
03/01 12:28:36.586: [sbi] INFO: [adbe824a-f698-41ef-aa4f-9971e66ce558] NF Instance setup [type:UDM validity:0s] (../lib/sbi/path.c:297)
03/01 12:28:36.602: [sbi] INFO: [b2436ea2-f698-41ef-b315-23a0102b05d8] NF Instance setup [type:PCF validity:0s] (../lib/sbi/path.c:297)
03/01 12:28:36.664: [smf] INFO: NF EndPoint(fqdn) setup [pcf.open5gs.org:0] (../src/smf/npcf-handler.c:367)
03/01 12:28:36.665: [smf] INFO: UE SUPI[imsi-262011234567893] DNN[internet] IPv4[10.46.0.2] IPv6[] (../src/smf/npcf-handler.c:578)
03/01 12:28:36.678: [gtp] INFO: gtp_connect() [10.33.33.6]:2152 (../lib/gtp/path.c:60)
03/01 12:28:36.681: [sbi] WARNING: Try to discover [namf-comm] (../lib/sbi/path.c:548)
03/01 12:28:36.682: [sbi] INFO: [ad815f0a-f698-41ef-aea5-f91ee7f1861d] (NRF-discover) NF registered [type:NULL] (../lib/sbi/nnrf-handler.c:1245)
03/01 12:28:36.682: [sbi] INFO: NF EndPoint(fqdn) setup [amf1.open5gs.org:0] (../lib/sbi/context.c:2195)
03/01 12:28:36.683: [sbi] INFO: NF EndPoint(fqdn) setup [amf1.open5gs.org:0] (../lib/sbi/context.c:1934)
03/01 12:28:36.683: [sbi] INFO: [ad815f0a-f698-41ef-aea5-f91ee7f1861d] (NF-discover) NF Profile updated [type:AMF validity:30s] (../lib/sbi/nnrf-handler.c:1290)
03/01 12:28:36.683: [smf] INFO: [ad815f0a-f698-41ef-aea5-f91ee7f1861d] NF Instance setup [type:AMF validity:30s] (../src/smf/nnrf-handler.c:65)
03/01 12:28:36.920: [sbi] INFO: [adbe824a-f698-41ef-aa4f-9971e66ce558] NF Instance setup [type:UDM validity:0s] (../lib/sbi/path.c:297)
03/01 12:28:54.964: [smf] INFO: [Added] Number of SMF-UEs is now 2 (../src/smf/context.c:1029)
03/01 12:28:54.966: [smf] INFO: [Added] Number of SMF-Sessions is now 2 (../src/smf/context.c:3113)
03/01 12:28:54.967: [smf] INFO: NF EndPoint(fqdn) setup [amf1.open5gs.org:0] (../src/smf/nsmf-handler.c:269)
03/01 12:28:54.967: [sbi] INFO: [adbe824a-f698-41ef-aa4f-9971e66ce558] NF Instance setup [type:UDM validity:0s] (../lib/sbi/path.c:297)
03/01 12:28:54.978: [sbi] INFO: [b2436ea2-f698-41ef-b315-23a0102b05d8] NF Instance setup [type:PCF validity:0s] (../lib/sbi/path.c:297)
03/01 12:28:55.054: [smf] INFO: NF EndPoint(fqdn) setup [pcf.open5gs.org:0] (../src/smf/npcf-handler.c:367)
03/01 12:28:55.062: [smf] INFO: UE SUPI[imsi-262011234567894] DNN[internet] IPv4[10.46.0.3] IPv6[] (../src/smf/npcf-handler.c:578)
03/01 12:28:55.179: [sbi] INFO: [ad815f0a-f698-41ef-aea5-f91ee7f1861d] NF Instance setup [type:AMF validity:30s] (../lib/sbi/path.c:297)
03/01 12:28:55.241: [sbi] INFO: [adbe824a-f698-41ef-aa4f-9971e66ce558] NF Instance setup [type:UDM validity:0s] (../lib/sbi/path.c:297)
03/01 12:28:55.772: [smf] INFO: [Added] Number of SMF-UEs is now 3 (../src/smf/context.c:1029)
03/01 12:28:55.772: [smf] INFO: [Added] Number of SMF-Sessions is now 3 (../src/smf/context.c:3113)
03/01 12:28:55.772: [smf] INFO: NF EndPoint(fqdn) setup [amf1.open5gs.org:0] (../src/smf/nsmf-handler.c:269)
03/01 12:28:55.773: [sbi] INFO: [adbe824a-f698-41ef-aa4f-9971e66ce558] NF Instance setup [type:UDM validity:0s] (../lib/sbi/path.c:297)
03/01 12:28:55.785: [sbi] INFO: [b2436ea2-f698-41ef-b315-23a0102b05d8] NF Instance setup [type:PCF validity:0s] (../lib/sbi/path.c:297)
03/01 12:28:55.828: [smf] INFO: NF EndPoint(fqdn) setup [pcf.open5gs.org:0] (../src/smf/npcf-handler.c:367)
03/01 12:28:55.836: [smf] INFO: UE SUPI[imsi-262011234567895] DNN[internet] IPv4[10.46.0.4] IPv6[] (../src/smf/npcf-handler.c:578)
03/01 12:28:55.869: [sbi] INFO: [ad815f0a-f698-41ef-aea5-f91ee7f1861d] NF Instance setup [type:AMF validity:30s] (../lib/sbi/path.c:297)
03/01 12:28:55.935: [sbi] INFO: [adbe824a-f698-41ef-aa4f-9971e66ce558] NF Instance setup [type:UDM validity:0s] (../lib/sbi/path.c:297)
03/01 12:29:06.678: [sbi] INFO: [ad815f0a-f698-41ef-aea5-f91ee7f1861d] NF expired [type:AMF] (../lib/sbi/nf-sm.c:308)
03/01 12:29:06.696: [sbi] INFO: [ad815f0a-f698-41ef-aea5-f91ee7f1861d] NF de-registered [type:AMF] (../lib/sbi/nf-sm.c:345)
